=== START CHECK: 04/07/2026, 22.15.09 ===
Fetching all series from Supabase...
Found 1000 series with tmdb_id. Checking for corruption...
✅ MATCH: "Rome" matches "Rome"
✅ MATCH: "Friends" matches "Friends"
✅ MATCH: "Heroes" matches "Heroes"
✅ MATCH: "Boardwalk Empire" matches "Boardwalk Empire"
✅ MATCH: "The Wire" matches "The Wire"
✅ MATCH: "Family Guy" matches "Family Guy"
✅ MATCH: "Attack on Titan" matches "Attack on Titan"
✅ MATCH: "House of Cards" matches "House of Cards"
✅ MATCH: "Orange Is the New Black" matches "Orange Is the New Black"
✅ MATCH: "The Middle" matches "The Middle"
✅ MATCH: "Modern Family" matches "Modern Family"
✅ MATCH: "The Big Bang Theory" matches "The Big Bang Theory"
✅ MATCH: "Grey's Anatomy" matches "Grey's Anatomy"
✅ MATCH: "Elementary" matches "Elementary"
✅ MATCH: "American Horror Story" matches "American Horror Story"
✅ MATCH: "A Lifetime of Happiness" matches "A Lifetime of Happiness"
✅ MATCH: "Voice" matches "Voice"
✅ MATCH: "The Spiderwick Chronicles" matches "The Spiderwick Chronicles"
✅ MATCH: "House" matches "House"
✅ MATCH: "Dexter" matches "Dexter"
✅ MATCH: "Chuck" matches "Chuck"
✅ MATCH: "Marvel's Agents of S.H.I.E.L.D." matches "Marvel's Agents of S.H.I.E.L.D."
✅ MATCH: "The Walking Dead" matches "The Walking Dead"
✅ MATCH: "Seinfeld" matches "Seinfeld"
✅ MATCH: "Game of Thrones" matches "Game of Thrones"
✅ MATCH: "The Sopranos" matches "The Sopranos"
✅ MATCH: "Breaking Bad" matches "Breaking Bad"
✅ MATCH: "Gossip Girl" matches "Gossip Girl"
✅ MATCH: "Six Feet Under" matches "Six Feet Under"
✅ MATCH: "Californication" matches "Californication"
✅ MATCH: "Mad Men" matches "Mad Men"
✅ MATCH: "Ouran High School Host Club" matches "Ouran High School Host Club"
✅ MATCH: "Galileo" matches "Galileo"
✅ MATCH: "The Good Detective" matches "The Good Detective"
✅ MATCH: "Futurama" matches "Futurama"
✅ MATCH: "The Simpsons" matches "The Simpsons"
✅ MATCH: "One Tree Hill" matches "One Tree Hill"
✅ MATCH: "Avatar: The Last Airbender" matches "Avatar: The Last Airbender"
✅ MATCH: "Sex and the City" matches "Sex and the City"
✅ MATCH: "How to Make It in America" matches "How to Make It in America"
✅ MATCH: "The Legend of the Condor Heroes" matches "The Legend of the Condor Heroes"
✅ MATCH: "Victorious" matches "Victorious"
✅ MATCH: "Bored to Death" matches "Bored to Death"
✅ MATCH: "Bleach" matches "Bleach"
✅ MATCH: "Yu Yu Hakusho" matches "Yu Yu Hakusho"
✅ MATCH: "NieA_7" matches "NieA_7"
✅ MATCH: "Peter Grill and the Philosopher's Time" matches "Peter Grill and the Philosopher's Time"
✅ MATCH: "The Pharmacist" matches "The Pharmacist"
✅ MATCH: "The Keepers" matches "The Keepers"
✅ MATCH: "Hung" matches "Hung"
✅ MATCH: "Community" matches "Community"
✅ MATCH: "The Vampire Diaries" matches "The Vampire Diaries"
✅ MATCH: "Generation Kill" matches "Generation Kill"
✅ MATCH: "The Beatles Anthology" matches "The Beatles Anthology"
✅ MATCH: "Boys Over Flowers" matches "Boys Over Flowers"
✅ MATCH: "The Newsroom" matches "The Newsroom"
✅ MATCH: "Adventure Time" matches "Adventure Time"
✅ MATCH: "Death Note" matches "Death Note"
✅ MATCH: "True Blood" matches "True Blood"
✅ MATCH: "Parks and Recreation" matches "Parks and Recreation"
✅ MATCH: "Ties of Shooting Stars" matches "Ties of Shooting Stars"
✅ MATCH: "Bang Bang Baby" matches "Bang Bang Baby"
✅ MATCH: "Kisarazu Cat's Eye" matches "Kisarazu Cat's Eye"
✅ MATCH: "Band of Brothers" matches "Band of Brothers"
✅ MATCH: "Lost" matches "Lost"
✅ MATCH: "Smallville" matches "Smallville"
✅ MATCH: "Gilmore Girls" matches "Gilmore Girls"
✅ MATCH: "Mr. Bean" matches "Mr. Bean"
✅ MATCH: "Five Days" matches "Five Days"
✅ MATCH: "The Spectacular Spider-Man" matches "The Spectacular Spider-Man"
✅ MATCH: "Nip/Tuck" matches "Nip/Tuck"
✅ MATCH: "Full House" matches "Full House"
✅ MATCH: "Veep" matches "Veep"
✅ MATCH: "The Tudors" matches "The Tudors"
✅ MATCH: "Two and a Half Men" matches "Two and a Half Men"
✅ MATCH: "Mr. Bean: The Animated Series" matches "Mr. Bean: The Animated Series"
✅ MATCH: "The Office" matches "The Office"
✅ MATCH: "Orange Days" matches "Orange Days"
✅ MATCH: "Adventures of the Super Monkey -Journey to the West-" matches "Adventures of the Super Monkey -Journey to the West-"
✅ MATCH: "The Daily Life of the Immortal King" matches "The Daily Life of the Immortal King"
✅ MATCH: "Sam & Cat" matches "Sam & Cat"
✅ MATCH: "Good Luck!!" matches "Good Luck!!"
✅ MATCH: "The Comeback" matches "The Comeback"
✅ MATCH: "Entourage" matches "Entourage"
✅ MATCH: "JoJo's Bizarre Adventure" matches "JoJo's Bizarre Adventure"
✅ MATCH: "Kuroko's Basketball" matches "Kuroko's Basketball"
✅ MATCH: "Sword Art Online" matches "Sword Art Online"
✅ MATCH: "The Moon Embracing the Sun" matches "The Moon Embracing the Sun"
✅ MATCH: "Rookies" matches "Rookies"
✅ MATCH: "The Innocent Man" matches "The Innocent Man"
✅ MATCH: "DreamWorks Dragons" matches "DreamWorks Dragons"
✅ MATCH: "A Bridge to the Starry Skies" matches "A Bridge to the Starry Skies"
✅ MATCH: "Vikings" matches "Vikings"
✅ MATCH: "Rooftop Prince" matches "Rooftop Prince"
✅ MATCH: "Safe" matches "Safe"
✅ MATCH: "School 2021" matches "School 2021"
✅ MATCH: "Key & Peele" matches "Key & Peele"
✅ MATCH: "TIGER & BUNNY" matches "TIGER & BUNNY"
✅ MATCH: "Slam Dunk" matches "Slam Dunk"
✅ MATCH: "Girls" matches "Girls"
✅ MATCH: "Black Mirror" matches "Black Mirror"
✅ MATCH: "Antarctica" matches "Antarctica"
✅ MATCH: "Banshee" matches "Banshee"
✅ MATCH: "Initial D" matches "Initial D"
✅ MATCH: "Marvel's Hulk and the Agents of S.M.A.S.H." matches "Marvel's Hulk and the Agents of S.M.A.S.H."
✅ MATCH: "Hannibal" matches "Hannibal"
✅ MATCH: "The Sinner" matches "The Sinner"
✅ MATCH: "Grimm" matches "Grimm"
✅ MATCH: "2 Broke Girls" matches "2 Broke Girls"
✅ MATCH: "Marvel's Jessica Jones" matches "Marvel's Jessica Jones"
✅ MATCH: "Our Last Crusade or the Rise of a New World" matches "Our Last Crusade or the Rise of a New World"
✅ MATCH: "Cells at Work! CODE BLACK" matches "Cells at Work! CODE BLACK"
✅ MATCH: "One Piece" matches "One Piece"
✅ MATCH: "Secret Garden" matches "Secret Garden"
✅ MATCH: "The Amazing World of Gumball" matches "The Amazing World of Gumball"
✅ MATCH: "The Tatami Galaxy" matches "The Tatami Galaxy"
✅ MATCH: "Berserk" matches "Berserk"
✅ MATCH: "InuYasha" matches "InuYasha"
✅ MATCH: "The Black Swindler" matches "The Black Swindler"
✅ MATCH: "Enlightened" matches "Enlightened"
✅ MATCH: "Teen Wolf" matches "Teen Wolf"
✅ MATCH: "Sungkyunkwan Scandal" matches "Sungkyunkwan Scandal"
✅ MATCH: "Shameless" matches "Shameless"
✅ MATCH: "Dongjae, the Good or the Bastard" matches "Dongjae, the Good or the Bastard"
✅ MATCH: "My Girlfriend Is a Gumiho" matches "My Girlfriend Is a Gumiho"
✅ MATCH: "Nikita" matches "Nikita"
✅ MATCH: "Luck" matches "Luck"
✅ MATCH: "The Big C" matches "The Big C"
✅ MATCH: "Pasta" matches "Pasta"
✅ MATCH: "Marco Polo" matches "Marco Polo"
✅ MATCH: "Fargo" matches "Fargo"
✅ MATCH: "Bosch" matches "Bosch"
✅ MATCH: "Peaky Blinders" matches "Peaky Blinders"
✅ MATCH: "Silicon Valley" matches "Silicon Valley"
✅ MATCH: "Better Call Saul" matches "Better Call Saul"
✅ MATCH: "Reply 1994" matches "Reply 1994"
✅ MATCH: "Cosmos" matches "Cosmos"
✅ MATCH: "Looking" matches "Looking"
✅ MATCH: "Getting On" matches "Getting On"
✅ MATCH: "Good Doctor" matches "Good Doctor"
✅ MATCH: "The Strain" matches "The Strain"
✅ MATCH: "Trapped in the Box" matches "Trapped in the Box"
✅ MATCH: "High School of the Dead" matches "High School of the Dead"
✅ MATCH: "Outlander" matches "Outlander"
✅ MATCH: "Orphan Black" matches "Orphan Black"
✅ MATCH: "I Hear Your Voice" matches "I Hear Your Voice"
✅ MATCH: "The Leftovers" matches "The Leftovers"
✅ MATCH: "Hanna" matches "Hanna"
✅ MATCH: "Love" matches "Love"
✅ MATCH: "Hello Ladies" matches "Hello Ladies"
✅ MATCH: "Halo" matches "Halo"
✅ MATCH: "Black Butler" matches "Black Butler"
✅ MATCH: "Mom" matches "Mom"
✅ MATCH: "Brooklyn Nine-Nine" matches "Brooklyn Nine-Nine"
✅ MATCH: "The 100" matches "The 100"
✅ MATCH: "Wait, My Youth" matches "Wait, My Youth"
✅ MATCH: "Extraordinary" matches "Extraordinary"
✅ MATCH: "Combatants Will Be Dispatched!" matches "Combatants Will Be Dispatched!"
✅ MATCH: "Midnight Diner" matches "Midnight Diner"
✅ MATCH: "The Blacklist" matches "The Blacklist"
✅ MATCH: "The Originals" matches "The Originals"
✅ MATCH: "True Detective" matches "True Detective"
✅ MATCH: "American Gods" matches "American Gods"
✅ MATCH: "Reply 1997" matches "Reply 1997"
✅ MATCH: "Masters of the Air" matches "Masters of the Air"
✅ MATCH: "Utawarerumono" matches "Utawarerumono"
✅ MATCH: "Under the Dome" matches "Under the Dome"
✅ MATCH: "Hunter x Hunter" matches "Hunter x Hunter"
✅ MATCH: "Spartacus" matches "Spartacus"
✅ MATCH: "Scream Queens" matches "Scream Queens"
✅ MATCH: "The Man in the High Castle" matches "The Man in the High Castle"
✅ MATCH: "Bloodline" matches "Bloodline"
✅ MATCH: "86 EIGHTY-SIX" matches "86 EIGHTY-SIX"
✅ MATCH: "The Ingenious One" matches "The Ingenious One"
✅ MATCH: "Softenni" matches "Softenni"
✅ MATCH: "The Devil Is a Part-Timer!" matches "The Devil Is a Part-Timer!"
✅ MATCH: "High School DxD" matches "High School DxD"
✅ MATCH: "Kill Me, Heal Me" matches "Kill Me, Heal Me"
✅ MATCH: "Ash vs Evil Dead" matches "Ash vs Evil Dead"
✅ MATCH: "Marvel's Iron Fist" matches "Marvel's Iron Fist"
✅ MATCH: "Marvel's Luke Cage" matches "Marvel's Luke Cage"
✅ MATCH: "Assassination Classroom" matches "Assassination Classroom"
✅ MATCH: "The Seven Deadly Sins" matches "The Seven Deadly Sins"
✅ MATCH: "Blood" matches "Blood"
✅ MATCH: "I'm Standing on a Million Lives" matches "I'm Standing on a Million Lives"
✅ MATCH: "The God of High School" matches "The God of High School"
✅ MATCH: "The Night Manager" matches "The Night Manager"
✅ MATCH: "Beyond the Boundary" matches "Beyond the Boundary"
✅ MATCH: "Incomplete Life" matches "Incomplete Life"
✅ MATCH: "Unbreakable Kimmy Schmidt" matches "Unbreakable Kimmy Schmidt"
✅ MATCH: "Healer" matches "Healer"
✅ MATCH: "Schitt's Creek" matches "Schitt's Creek"
✅ MATCH: "Togetherness" matches "Togetherness"
✅ MATCH: "Pinocchio" matches "Pinocchio"
✅ MATCH: "Birth of a Beauty" matches "Birth of a Beauty"
✅ MATCH: "Marvel's Agent Carter" matches "Marvel's Agent Carter"
✅ MATCH: "Parasyte -the maxim-" matches "Parasyte -the maxim-"
✅ MATCH: "Yowamushi Pedal" matches "Yowamushi Pedal"
✅ MATCH: "Tokyo Ghoul" matches "Tokyo Ghoul"
✅ MATCH: "Unsolved Mysteries" matches "Unsolved Mysteries"
✅ MATCH: "I'm a Virgo" matches "I'm a Virgo"
✅ MATCH: "Sailor Moon Crystal" matches "Sailor Moon Crystal"
✅ MATCH: "BoJack Horseman" matches "BoJack Horseman"
✅ MATCH: "Fated to Love You" matches "Fated to Love You"
✅ MATCH: "Empress Ki" matches "Empress Ki"
✅ MATCH: "How to Get Away with Murder" matches "How to Get Away with Murder"
✅ MATCH: "The Knick" matches "The Knick"
✅ MATCH: "My Love from the Star" matches "My Love from the Star"
✅ MATCH: "Doctor Stranger" matches "Doctor Stranger"
✅ MATCH: "12 Monkeys" matches "12 Monkeys"
✅ MATCH: "Haikyu!!" matches "Haikyu!!"
✅ MATCH: "Heroes Reborn" matches "Heroes Reborn"
✅ MATCH: "Log Horizon" matches "Log Horizon"
✅ MATCH: "Big Little Lies" matches "Big Little Lies"
✅ MATCH: "She Professed Herself Pupil of the Wise Man" matches "She Professed Herself Pupil of the Wise Man"
✅ MATCH: "The Ramparts of Ice" matches "The Ramparts of Ice"
✅ MATCH: "The Last Ship" matches "The Last Ship"
✅ MATCH: "Ace of the Diamond" matches "Ace of the Diamond"
✅ MATCH: "Constantine" matches "Constantine"
✅ MATCH: "The Flash" matches "The Flash"
✅ MATCH: "Gotham" matches "Gotham"
✅ MATCH: "Yong Pal" matches "Yong Pal"
✅ MATCH: "Westworld" matches "Westworld"
✅ MATCH: "Lucifer" matches "Lucifer"
✅ MATCH: "Crazy Ex-Girlfriend" matches "Crazy Ex-Girlfriend"
✅ MATCH: "Charlotte" matches "Charlotte"
✅ MATCH: "Oh My Ghost" matches "Oh My Ghost"
✅ MATCH: "Ushio and Tora" matches "Ushio and Tora"
✅ MATCH: "I Remember You" matches "I Remember You"
✅ MATCH: "Sweet Tooth" matches "Sweet Tooth"
✅ MATCH: "Percy Jackson and the Olympians" matches "Percy Jackson and the Olympians"
✅ MATCH: "It's Okay, That's Love" matches "It's Okay, That's Love"
✅ MATCH: "Ballers" matches "Ballers"
✅ MATCH: "The Young Pope" matches "The Young Pope"
✅ MATCH: "Outbreak Company" matches "Outbreak Company"
✅ MATCH: "Supergirl" matches "Supergirl"
✅ MATCH: "Superstore" matches "Superstore"
✅ MATCH: "DC's Legends of Tomorrow" matches "DC's Legends of Tomorrow"
✅ MATCH: "Sound! Euphonium" matches "Sound! Euphonium"
✅ MATCH: "Mr. Robot" matches "Mr. Robot"
✅ MATCH: "Chef's Table" matches "Chef's Table"
✅ MATCH: "The Girl Who Sees Smells" matches "The Girl Who Sees Smells"
✅ MATCH: "Fear the Walking Dead" matches "Fear the Walking Dead"
✅ MATCH: "Marvel's The Defenders" matches "Marvel's The Defenders"
✅ MATCH: "Food Wars! Shokugeki no Soma" matches "Food Wars! Shokugeki no Soma"
✅ MATCH: "The Last Narc" matches "The Last Narc"
✅ MATCH: "Marvel's Cloak & Dagger" matches "Marvel's Cloak & Dagger"
✅ MATCH: "Love in the Moonlight" matches "Love in the Moonlight"
✅ MATCH: "Another Miss Oh" matches "Another Miss Oh"
✅ MATCH: "Animal Kingdom" matches "Animal Kingdom"
✅ MATCH: "Prince of Stride: Alternative" matches "Prince of Stride: Alternative"
✅ MATCH: "Battery" matches "Battery"
✅ MATCH: "The Great Passage" matches "The Great Passage"
✅ MATCH: "Re:ZERO -Starting Life in Another World-" matches "Re:ZERO -Starting Life in Another World-"
✅ MATCH: "Bungo Stray Dogs" matches "Bungo Stray Dogs"
✅ MATCH: "My Hero Academia" matches "My Hero Academia"
✅ MATCH: "Refresh Man" matches "Refresh Man"
✅ MATCH: "Girlboss" matches "Girlboss"
✅ MATCH: "Narcos" matches "Narcos"
✅ MATCH: "The Head" matches "The Head"
✅ MATCH: "Page Turner" matches "Page Turner"
✅ MATCH: "Van Helsing" matches "Van Helsing"
✅ MATCH: "KanColle: Kantai Collection" matches "KanColle: Kantai Collection"
✅ MATCH: "Taboo" matches "Taboo"
✅ MATCH: "Good Morning Call" matches "Good Morning Call"
✅ MATCH: "Wanted" matches "Wanted"
✅ MATCH: "Atelier" matches "Atelier"
✅ MATCH: "The Crown" matches "The Crown"
✅ MATCH: "A Series of Unfortunate Events" matches "A Series of Unfortunate Events"
✅ MATCH: "Vice Principals" matches "Vice Principals"
✅ MATCH: "Descendants of the Sun" matches "Descendants of the Sun"
✅ MATCH: "Signal" matches "Signal"
✅ MATCH: "Cheese in the Trap" matches "Cheese in the Trap"
✅ MATCH: "11.22.63" matches "11.22.63"
✅ MATCH: "Paper Girls" matches "Paper Girls"
✅ MATCH: "Oh My Venus" matches "Oh My Venus"
✅ MATCH: "Master of None" matches "Master of None"
✅ MATCH: "Preacher" matches "Preacher"
✅ MATCH: "Nirvana in Fire" matches "Nirvana in Fire"
✅ MATCH: "The Testament of Sister New Devil" matches "The Testament of Sister New Devil"
✅ MATCH: "The Shannara Chronicles" matches "The Shannara Chronicles"
✅ MATCH: "Koinaka" matches "Koinaka"
✅ MATCH: "Border" matches "Border"
✅ MATCH: "Reply 1988" matches "Reply 1988"
✅ MATCH: "One-Punch Man" matches "One-Punch Man"
✅ MATCH: "She Was Pretty" matches "She Was Pretty"
✅ MATCH: "Death Note" matches "Death Note"
✅ MATCH: "The Expanse" matches "The Expanse"
✅ MATCH: "Fallout" matches "Fallout"
❌ CORRUPTED: Series "Azur Lane: Slow Ahead!" (slug: azur-lane-slow-ahead-2021) has TMDB ID 109805 which belongs to "Anime AzurLane: Slow Ahead!" (Original: "アズールレーン びそくぜんしんっ！"). Resetting tmdb_id, status, overview, number_of_seasons...
   -> Deleting incorrect episodes for series "Azur Lane: Slow Ahead!"...
✅ MATCH: "Dr. Romantic" matches "Dr. Romantic"
✅ MATCH: "Weightlifting Fairy Kim Bok-joo" matches "Weightlifting Fairy Kim Bok-joo"
✅ MATCH: "The Full-Time Wife Escapist" matches "The Full-Time Wife Escapist"
✅ MATCH: "Trollhunters: Tales of Arcadia" matches "Trollhunters: Tales of Arcadia"
✅ MATCH: "Tomorrow with You" matches "Tomorrow with You"
✅ MATCH: "Drifters" matches "Drifters"
✅ MATCH: "Guardian: The Lonely and Great God" matches "Guardian: The Lonely and Great God"
✅ MATCH: "Insecure" matches "Insecure"
✅ MATCH: "Dirk Gently's Holistic Detective Agency" matches "Dirk Gently's Holistic Detective Agency"
✅ MATCH: "Travelers" matches "Travelers"
✅ MATCH: "The Disastrous Life of Saiki K." matches "The Disastrous Life of Saiki K."
✅ MATCH: "B-PROJECT" matches "B-PROJECT"
✅ MATCH: "The Grand Tour" matches "The Grand Tour"
✅ MATCH: "The Tick" matches "The Tick"
✅ MATCH: "Boruto: Naruto Next Generations" matches "Boruto: Naruto Next Generations"
✅ MATCH: "Love Like the Galaxy" matches "Love Like the Galaxy"
✅ MATCH: "Marvel's Runaways" matches "Marvel's Runaways"
✅ MATCH: "The K2" matches "The K2"
✅ MATCH: "Golden Time" matches "Golden Time"
✅ MATCH: "High Maintenance" matches "High Maintenance"
✅ MATCH: "Star Trek: Discovery" matches "Star Trek: Discovery"
✅ MATCH: "Legion" matches "Legion"
✅ MATCH: "The Exorcist" matches "The Exorcist"
✅ MATCH: "Cinderella and Four Knights" matches "Cinderella and Four Knights"
✅ MATCH: "Designated Survivor" matches "Designated Survivor"
✅ MATCH: "The Legend of the Blue Sea" matches "The Legend of the Blue Sea"
✅ MATCH: "Hello, My Twenties!" matches "Hello, My Twenties!"
✅ MATCH: "Quarry" matches "Quarry"
✅ MATCH: "Shooter" matches "Shooter"
✅ MATCH: "Greenleaf" matches "Greenleaf"
✅ MATCH: "13 Reasons Why" matches "13 Reasons Why"
✅ MATCH: "Fight for My Way" matches "Fight for My Way"
✅ MATCH: "Osamake: Romcom Where the Childhood Friend Won't Lose" matches "Osamake: Romcom Where the Childhood Friend Won't Lose"
✅ MATCH: "Love O2O" matches "Love O2O"
✅ MATCH: "Stranger Things" matches "Stranger Things"
✅ MATCH: "Queen of the South" matches "Queen of the South"
✅ MATCH: "The Good Place" matches "The Good Place"
✅ MATCH: "Jealousy Incarnate" matches "Jealousy Incarnate"
✅ MATCH: "Voltron: Legendary Defender" matches "Voltron: Legendary Defender"
✅ MATCH: "Hwarang: The Poet Warrior Youth" matches "Hwarang: The Poet Warrior Youth"
✅ MATCH: "Scarlet Heart: Ryeo" matches "Scarlet Heart: Ryeo"
✅ MATCH: "Beautiful Gong Shim" matches "Beautiful Gong Shim"
✅ MATCH: "Bring It On, Ghost" matches "Bring It On, Ghost"
✅ MATCH: "Secret City" matches "Secret City"
✅ MATCH: "W: Two Worlds Apart" matches "W: Two Worlds Apart"
✅ MATCH: "Doctors" matches "Doctors"
✅ MATCH: "Secret Healer" matches "Secret Healer"
✅ MATCH: "Ingobernable" matches "Ingobernable"
✅ MATCH: "Love Revolution" matches "Love Revolution"
✅ MATCH: "Man to Man" matches "Man to Man"
✅ MATCH: "Circle" matches "Circle"
✅ MATCH: "The Perfect Match" matches "The Perfect Match"
✅ MATCH: "Dark" matches "Dark"
✅ MATCH: "Mr. Mercedes" matches "Mr. Mercedes"
✅ MATCH: "Sharp Objects" matches "Sharp Objects"
✅ MATCH: "The Bride of Habaek" matches "The Bride of Habaek"
✅ MATCH: "Somewhere Between" matches "Somewhere Between"
✅ MATCH: "My Only Love Song" matches "My Only Love Song"
✅ MATCH: "Genius" matches "Genius"
✅ MATCH: "White Album 2" matches "White Album 2"
✅ MATCH: "You Are Wanted" matches "You Are Wanted"
✅ MATCH: "Ozark" matches "Ozark"
✅ MATCH: "My Kind of Country" matches "My Kind of Country"
✅ MATCH: "Dragon Raja -The Blazing Dawn-" matches "Dragon Raja -The Blazing Dawn-"
✅ MATCH: "The Gifted" matches "The Gifted"
✅ MATCH: "The Worst Witch" matches "The Worst Witch"
✅ MATCH: "Fauda" matches "Fauda"
✅ MATCH: "Workin' Moms" matches "Workin' Moms"
✅ MATCH: "The Legend of the Condor Heroes" matches "The Legend of the Condor Heroes"
✅ MATCH: "Natsume's Book of Friends" matches "Natsume's Book of Friends"
✅ MATCH: "The Handmaid's Tale" matches "The Handmaid's Tale"
✅ MATCH: "Santa Clarita Diet" matches "Santa Clarita Diet"
✅ MATCH: "Eternal Love" matches "Eternal Love"
✅ MATCH: "Masamune-kun's Revenge" matches "Masamune-kun's Revenge"
✅ MATCH: "Scum's Wish" matches "Scum's Wish"
✅ MATCH: "Miss Kobayashi's Dragon Maid" matches "Miss Kobayashi's Dragon Maid"
✅ MATCH: "My Shy Boss" matches "My Shy Boss"
✅ MATCH: "Banished from the Hero's Party, I Decided to Live a Quiet Life in the Countryside" matches "Banished from the Hero's Party, I Decided to Live a Quiet Life in the Countryside"
✅ MATCH: "Reborn to Master the Blade: From Hero-King to Extraordinary Squire ♀" matches "Reborn to Master the Blade: From Hero-King to Extraordinary Squire ♀"
✅ MATCH: "Voice" matches "Voice"
✅ MATCH: "The OA" matches "The OA"
✅ MATCH: "Riverdale" matches "Riverdale"
✅ MATCH: "One Day at a Time" matches "One Day at a Time"
✅ MATCH: "Chief Kim" matches "Chief Kim"
✅ MATCH: "The Sound of Your Heart" matches "The Sound of Your Heart"
✅ MATCH: "From Me to You: Kimi ni Todoke" matches "From Me to You: Kimi ni Todoke"
✅ MATCH: "Strong Woman Do Bong-Soon" matches "Strong Woman Do Bong-Soon"
✅ MATCH: "Gilmore Girls: A Year in the Life" matches "Gilmore Girls: A Year in the Life"
✅ MATCH: "Hirugao: Love Affairs in the Afternoon" matches "Hirugao: Love Affairs in the Afternoon"
✅ MATCH: "Tawawa on Monday" matches "Tawawa on Monday"
✅ MATCH: "American Vandal" matches "American Vandal"
✅ MATCH: "Barry" matches "Barry"
✅ MATCH: "Disenchantment" matches "Disenchantment"
✅ MATCH: "Live Up to Your Name" matches "Live Up to Your Name"
✅ MATCH: "Battle Game in 5 Seconds" matches "Battle Game in 5 Seconds"
✅ MATCH: "Absentia" matches "Absentia"
✅ MATCH: "Killing Eve" matches "Killing Eve"
✅ MATCH: "The Continental: From the World of John Wick" matches "The Continental: From the World of John Wick"
✅ MATCH: "My Golden Life" matches "My Golden Life"
✅ MATCH: "Save Me" matches "Save Me"
✅ MATCH: "Made in Abyss" matches "Made in Abyss"
✅ MATCH: "Alias Grace" matches "Alias Grace"
✅ MATCH: "Manhunt" matches "Manhunt"
✅ MATCH: "Reunited Worlds" matches "Reunited Worlds"
✅ MATCH: "Are You Human?" matches "Are You Human?"
✅ MATCH: "Inside the World's Toughest Prisons" matches "Inside the World's Toughest Prisons"
✅ MATCH: "Classroom of the Elite" matches "Classroom of the Elite"
✅ MATCH: "Strongest Deliveryman" matches "Strongest Deliveryman"
✅ MATCH: "School 2017" matches "School 2017"
✅ MATCH: "HAPPY!" matches "HAPPY!"
✅ MATCH: "CUE!" matches "CUE!"
✅ MATCH: "Nemesis" matches "Nemesis"
✅ MATCH: "Dynasty" matches "Dynasty"
✅ MATCH: "Le Mans: Racing Is Everything" matches "Le Mans: Racing Is Everything"
✅ MATCH: "Good Omens" matches "Good Omens"
✅ MATCH: "The Wheel of Time" matches "The Wheel of Time"
✅ MATCH: "The Witcher" matches "The Witcher"
✅ MATCH: "S.W.A.T." matches "S.W.A.T."
✅ MATCH: "The Alienist" matches "The Alienist"
✅ MATCH: "THE iDOLM@STER.KR" matches "THE iDOLM@STER.KR"
✅ MATCH: "Queen For Seven Days" matches "Queen For Seven Days"
✅ MATCH: "The Orville" matches "The Orville"
✅ MATCH: "A.P. Bio" matches "A.P. Bio"
✅ MATCH: "Young Sheldon" matches "Young Sheldon"
✅ MATCH: "Good Girls" matches "Good Girls"
✅ MATCH: "Black Lightning" matches "Black Lightning"
✅ MATCH: "Atypical" matches "Atypical"
✅ MATCH: "High-Rise Invasion" matches "High-Rise Invasion"
✅ MATCH: "Suspicious Partner" matches "Suspicious Partner"
✅ MATCH: "Krypton" matches "Krypton"
✅ MATCH: "CRISIS: Special Security Squad" matches "CRISIS: Special Security Squad"
✅ MATCH: "Cable Girls" matches "Cable Girls"
✅ MATCH: "Castle Rock" matches "Castle Rock"
✅ MATCH: "The Teenage Psychic" matches "The Teenage Psychic"
✅ MATCH: "Castlevania" matches "Castlevania"
✅ MATCH: "Radio Romance" matches "Radio Romance"
✅ MATCH: "Mother" matches "Mother"
✅ MATCH: "Laid-Back Camp" matches "Laid-Back Camp"
✅ MATCH: "Mosaic" matches "Mosaic"
✅ MATCH: "Mr. Sunshine" matches "Mr. Sunshine"
✅ MATCH: "One Strange Rock" matches "One Strange Rock"
✅ MATCH: "The Woman in the House Across the Street from the Girl in the Window" matches "The Woman in the House Across the Street from the Girl in the Window"
✅ MATCH: "Junji Ito Collection" matches "Junji Ito Collection"
✅ MATCH: "Lost in Space" matches "Lost in Space"
✅ MATCH: "Unnatural" matches "Unnatural"
✅ MATCH: "McMafia" matches "McMafia"
✅ MATCH: "Part-Time Idol" matches "Part-Time Idol"
✅ MATCH: "Titans" matches "Titans"
✅ MATCH: "9-1-1" matches "9-1-1"
✅ MATCH: "Violet Evergarden" matches "Violet Evergarden"
✅ MATCH: "The Terror" matches "The Terror"
✅ MATCH: "A Korean Odyssey" matches "A Korean Odyssey"
✅ MATCH: "Black Knight" matches "Black Knight"
✅ MATCH: "The Umbrella Academy" matches "The Umbrella Academy"
✅ MATCH: "Erased" matches "Erased"
✅ MATCH: "Just Between Lovers" matches "Just Between Lovers"
✅ MATCH: "Prison Playbook" matches "Prison Playbook"
✅ MATCH: "Carmen Sandiego" matches "Carmen Sandiego"
✅ MATCH: "Rikuoh" matches "Rikuoh"
✅ MATCH: "Harley Quinn" matches "Harley Quinn"
✅ MATCH: "TSUKIMICHI -Moonlit Fantasy-" matches "TSUKIMICHI -Moonlit Fantasy-"
✅ MATCH: "Big Mouth" matches "Big Mouth"
✅ MATCH: "Witch's Court" matches "Witch's Court"
✅ MATCH: "Jack Whitehall: Travels with My Father" matches "Jack Whitehall: Travels with My Father"
✅ MATCH: "Mad Dog" matches "Mad Dog"
✅ MATCH: "Because This Is My First Life" matches "Because This Is My First Life"
✅ MATCH: "Go Back Couple" matches "Go Back Couple"
✅ MATCH: "The Resident" matches "The Resident"
✅ MATCH: "Black" matches "Black"
✅ MATCH: "Suburra: Blood on Rome" matches "Suburra: Blood on Rome"
✅ MATCH: "Final Fantasy XIV: Dad of Light" matches "Final Fantasy XIV: Dad of Light"
✅ MATCH: "The Romanoffs" matches "The Romanoffs"
✅ MATCH: "Greenhouse Academy" matches "Greenhouse Academy"
✅ MATCH: "Yellowstone" matches "Yellowstone"
✅ MATCH: "Temperature of Love" matches "Temperature of Love"
✅ MATCH: "Warrior" matches "Warrior"
✅ MATCH: "Godless" matches "Godless"
✅ MATCH: "PuraOre! ~Pride of Orange~" matches "PuraOre! ~Pride of Orange~"
✅ MATCH: "Future Man" matches "Future Man"
✅ MATCH: "My Mr. Mermaid" matches "My Mr. Mermaid"
✅ MATCH: "Grand Blue Dreaming" matches "Grand Blue Dreaming"
✅ MATCH: "Scissor Seven" matches "Scissor Seven"
✅ MATCH: "Another Life" matches "Another Life"
✅ MATCH: "Partners for Justice" matches "Partners for Justice"
✅ MATCH: "Cunk on..." matches "Cunk on..."
✅ MATCH: "The Protector" matches "The Protector"
✅ MATCH: "Aggretsuko" matches "Aggretsuko"
✅ MATCH: "Clean with Passion for Now" matches "Clean with Passion for Now"
✅ MATCH: "Busted!" matches "Busted!"
✅ MATCH: "Lawless Lawyer" matches "Lawless Lawyer"
✅ MATCH: "About Time" matches "About Time"
✅ MATCH: "The Piano Forest" matches "The Piano Forest"
✅ MATCH: "Cobra Kai" matches "Cobra Kai"
✅ MATCH: "My Roommate Is a Gumiho" matches "My Roommate Is a Gumiho"
✅ MATCH: "DMZ" matches "DMZ"
✅ MATCH: "Café Minamdang" matches "Café Minamdang"
✅ MATCH: "Something in the Rain" matches "Something in the Rain"
✅ MATCH: "Sword Art Online Alternative: Gun Gale Online" matches "Sword Art Online Alternative: Gun Gale Online"
✅ MATCH: "You" matches "You"
✅ MATCH: "Dragons: Race to the Edge" matches "Dragons: Race to the Edge"
✅ MATCH: "Sintonia" matches "Sintonia"
✅ MATCH: "A Poem A Day" matches "A Poem A Day"
✅ MATCH: "Umamusume: Pretty Derby" matches "Umamusume: Pretty Derby"
✅ MATCH: "Wild Wild Country" matches "Wild Wild Country"
✅ MATCH: "Ugly Delicious" matches "Ugly Delicious"
✅ MATCH: "Tempted" matches "Tempted"
✅ MATCH: "BG: Personal Bodyguard" matches "BG: Personal Bodyguard"
✅ MATCH: "A Discovery of Witches" matches "A Discovery of Witches"
✅ MATCH: "B: The Beginning" matches "B: The Beginning"
✅ MATCH: "Maradona, Blessed Dream" matches "Maradona, Blessed Dream"
✅ MATCH: "Alexa & Katie" matches "Alexa & Katie"
✅ MATCH: "Golden Kamuy" matches "Golden Kamuy"
✅ MATCH: "On My Block" matches "On My Block"
✅ MATCH: "Elite" matches "Elite"
✅ MATCH: "My Mister" matches "My Mister"
✅ MATCH: "Welcome to Waikiki" matches "Welcome to Waikiki"
✅ MATCH: "The Boys" matches "The Boys"
✅ MATCH: "Everything Sucks!" matches "Everything Sucks!"
✅ MATCH: "Succession" matches "Succession"
✅ MATCH: "Dirty Money" matches "Dirty Money"
✅ MATCH: "Mayans M.C." matches "Mayans M.C."
✅ MATCH: "Rotten" matches "Rotten"
✅ MATCH: "Derry Girls" matches "Derry Girls"
✅ MATCH: "DARLING in the FRANXX" matches "DARLING in the FRANXX"
✅ MATCH: "V Wars" matches "V Wars"
✅ MATCH: "Living with Yourself" matches "Living with Yourself"
✅ MATCH: "The Angel Next Door Spoils Me Rotten" matches "The Angel Next Door Spoils Me Rotten"
✅ MATCH: "Dead to Me" matches "Dead to Me"
✅ MATCH: "Devs" matches "Devs"
✅ MATCH: "I AM A KILLER" matches "I AM A KILLER"
✅ MATCH: "The Time Traveler's Wife" matches "The Time Traveler's Wife"
✅ MATCH: "Messiah" matches "Messiah"
✅ MATCH: "The Kominsky Method" matches "The Kominsky Method"
✅ MATCH: "Dispatches from Elsewhere" matches "Dispatches from Elsewhere"
✅ MATCH: "The Dragon Prince" matches "The Dragon Prince"
✅ MATCH: "Stepmom and Daughter Blues" matches "Stepmom and Daughter Blues"
✅ MATCH: "DC's Stargirl" matches "DC's Stargirl"
✅ MATCH: "Narcos: Mexico" matches "Narcos: Mexico"
✅ MATCH: "A Little Room for Hope" matches "A Little Room for Hope"
✅ MATCH: "Still 17" matches "Still 17"
✅ MATCH: "The Nevers" matches "The Nevers"
✅ MATCH: "ULTRAMAN" matches "ULTRAMAN"
✅ MATCH: "Urusei Yatsura" matches "Urusei Yatsura"
✅ MATCH: "Insatiable" matches "Insatiable"
✅ MATCH: "Familiar Wife" matches "Familiar Wife"
✅ MATCH: "My ID is Gangnam Beauty" matches "My ID is Gangnam Beauty"
✅ MATCH: "BAKI" matches "BAKI"
✅ MATCH: "Banana Fish" matches "Banana Fish"
✅ MATCH: "New Amsterdam" matches "New Amsterdam"
✅ MATCH: "Little America" matches "Little America"
✅ MATCH: "The Good Cop" matches "The Good Cop"
✅ MATCH: "Bodyguard" matches "Bodyguard"
✅ MATCH: "Larva" matches "Larva"
✅ MATCH: "Truth Be Told" matches "Truth Be Told"
✅ MATCH: "Life" matches "Life"
✅ MATCH: "The Hollow" matches "The Hollow"
✅ MATCH: "Watchmen" matches "Watchmen"
✅ MATCH: "The Rookie" matches "The Rookie"
✅ MATCH: "She-Ra and the Princesses of Power" matches "She-Ra and the Princesses of Power"
✅ MATCH: "Manifest" matches "Manifest"
✅ MATCH: "Reign of the Seven Spellblades" matches "Reign of the Seven Spellblades"
✅ MATCH: "Project Blue Book" matches "Project Blue Book"
✅ MATCH: "Hunters" matches "Hunters"
✅ MATCH: "Pennyworth: The Origin of Batman's Butler" matches "Pennyworth: The Origin of Batman's Butler"
✅ MATCH: "Doom Patrol" matches "Doom Patrol"
✅ MATCH: "Legacies" matches "Legacies"
✅ MATCH: "After Life" matches "After Life"
✅ MATCH: "Black Pean" matches "Black Pean"
✅ MATCH: "Dokgo Rewind" matches "Dokgo Rewind"
✅ MATCH: "Hymn of Death" matches "Hymn of Death"
✅ MATCH: "Guillermo del Toro's Cabinet of Curiosities" matches "Guillermo del Toro's Cabinet of Curiosities"
✅ MATCH: "What We Do in the Shadows" matches "What We Do in the Shadows"
✅ MATCH: "Mrs. America" matches "Mrs. America"
✅ MATCH: "Daybreak" matches "Daybreak"
✅ MATCH: "When Time Stopped" matches "When Time Stopped"
✅ MATCH: "Times" matches "Times"
✅ MATCH: "Meet Me After School" matches "Meet Me After School"
✅ MATCH: "Kaguya-sama: Love Is War" matches "Kaguya-sama: Love Is War"
✅ MATCH: "revisions" matches "revisions"
✅ MATCH: "Dororo" matches "Dororo"
✅ MATCH: "The Promised Neverland" matches "The Promised Neverland"
✅ MATCH: "Folklore" matches "Folklore"
✅ MATCH: "Karakuri Circus" matches "Karakuri Circus"
✅ MATCH: "Spinning Out" matches "Spinning Out"
✅ MATCH: "The Act" matches "The Act"
✅ MATCH: "The Mandalorian" matches "The Mandalorian"
✅ MATCH: "YG Future Strategy Office" matches "YG Future Strategy Office"
✅ MATCH: "Lovecraft Country" matches "Lovecraft Country"
✅ MATCH: "1983" matches "1983"
✅ MATCH: "The Baby" matches "The Baby"
✅ MATCH: "The Zone: Survival Mission" matches "The Zone: Survival Mission"
✅ MATCH: "The Bureau of Magical Things" matches "The Bureau of Magical Things"
✅ MATCH: "The Righteous Gemstones" matches "The Righteous Gemstones"
✅ MATCH: "Youth" matches "Youth"
✅ MATCH: "Kung Fu Panda: The Paws of Destiny" matches "Kung Fu Panda: The Paws of Destiny"
✅ MATCH: "Catch-22" matches "Catch-22"
✅ MATCH: "That Time I Got Reincarnated as a Slime" matches "That Time I Got Reincarnated as a Slime"
✅ MATCH: "Emily in Paris" matches "Emily in Paris"
✅ MATCH: "Goblin Slayer" matches "Goblin Slayer"
✅ MATCH: "The Third Charm" matches "The Third Charm"
✅ MATCH: "Hilda" matches "Hilda"
✅ MATCH: "Avatar the Last Airbender" matches "Avatar: The Last Airbender"
✅ MATCH: "Matrimonial Chaos" matches "Matrimonial Chaos"
✅ MATCH: "Where Stars Land" matches "Where Stars Land"
✅ MATCH: "Cannon Busters" matches "Cannon Busters"
✅ MATCH: "Unbelievable" matches "Unbelievable"
✅ MATCH: "Orient" matches "Orient"
✅ MATCH: "A Taiwanese Tale of Two Cities" matches "A Taiwanese Tale of Two Cities"
✅ MATCH: "Player" matches "Player"
✅ MATCH: "Paradise PD" matches "Paradise PD"
✅ MATCH: "The Guest" matches "The Guest"
✅ MATCH: "100 Days My Prince" matches "100 Days My Prince"
✅ MATCH: "The Gilded Age" matches "The Gilded Age"
✅ MATCH: "Love Song" matches "Love Song"
✅ MATCH: "Star Trek: Lower Decks" matches "Star Trek: Lower Decks"
✅ MATCH: "7SEEDS" matches "7SEEDS"
✅ MATCH: "Demon Slayer: Kimetsu no Yaiba" matches "Demon Slayer: Kimetsu no Yaiba"
✅ MATCH: "Space Force" matches "Space Force"
✅ MATCH: "The Widow" matches "The Widow"
✅ MATCH: "Perry Mason" matches "Perry Mason"
✅ MATCH: "Conversations with a Killer: The Ted Bundy Tapes" matches "Conversations with a Killer: The Ted Bundy Tapes"
✅ MATCH: "Trapped in a Dating Sim: The World of Otome Games Is Tough for Mobs" matches "Trapped in a Dating Sim: The World of Otome Games Is Tough for Mobs"
✅ MATCH: "Raised by Wolves" matches "Raised by Wolves"
✅ MATCH: "Shadow and Bone" matches "Shadow and Bone"
✅ MATCH: "Lorena" matches "Lorena"
✅ MATCH: "PEN15" matches "PEN15"
✅ MATCH: "Legal High" matches "Legal High"
✅ MATCH: "Euphoria" matches "Euphoria"
✅ MATCH: "Mr. Hiiragi's Homeroom" matches "Mr. Hiiragi's Homeroom"
✅ MATCH: "The A List" matches "The A List"
✅ MATCH: "The Crowned Clown" matches "The Crowned Clown"
✅ MATCH: "Touch Your Heart" matches "Touch Your Heart"
✅ MATCH: "WandaVision" matches "WandaVision"
✅ MATCH: "Romance Is a Bonus Book" matches "Romance Is a Bonus Book"
✅ MATCH: "Original Sin" matches "Original Sin"
✅ MATCH: "The Chosen" matches "The Chosen"
✅ MATCH: "The Sound of Your Heart: Reboot" matches "The Sound of Your Heart: Reboot"
✅ MATCH: "I've Somehow Gotten Stronger When I Improved My Farm-Related Skills." matches "I've Somehow Gotten Stronger When I Improved My Farm-Related Skills."
✅ MATCH: "Russian Doll" matches "Russian Doll"
✅ MATCH: "The Lord of the Rings: The Rings of Power" matches "The Lord of the Rings: The Rings of Power"
✅ MATCH: "The Bridge" matches "The Bridge"
✅ MATCH: "The Quintessential Quintuplets" matches "The Quintessential Quintuplets"
✅ MATCH: "Endro!" matches "Endro!"
✅ MATCH: "Prison Princesses" matches "Prison Princesses"
✅ MATCH: "Blade Runner: Black Lotus" matches "Blade Runner: Black Lotus"
✅ MATCH: "Cowboy Bebop" matches "Cowboy Bebop"
✅ MATCH: "My Strange Hero" matches "My Strange Hero"
✅ MATCH: "Better Than Us" matches "Better Than Us"
✅ MATCH: "SKY Castle" matches "SKY Castle"
✅ MATCH: "Jett" matches "Jett"
✅ MATCH: "Wayne" matches "Wayne"
✅ MATCH: "Zootopia+" matches "Zootopia+"
✅ MATCH: "Love You as the World Ends" matches "Love You as the World Ends"
✅ MATCH: "Duty After School" matches "Duty After School"
✅ MATCH: "Mirzapur" matches "Mirzapur"
✅ MATCH: "Treadstone" matches "Treadstone"
✅ MATCH: "Encounter" matches "Encounter"
✅ MATCH: "Our Planet" matches "Our Planet"
✅ MATCH: "The Plot Against America" matches "The Plot Against America"
✅ MATCH: "Andor" matches "Andor"
✅ MATCH: "The Undoing" matches "The Undoing"
✅ MATCH: "Intelligence" matches "Intelligence"
✅ MATCH: "Servant" matches "Servant"
✅ MATCH: "Black Summer" matches "Black Summer"
✅ MATCH: "Demon Lord, Retry!" matches "Demon Lord, Retry!"
✅ MATCH: "Cinderella Chef" matches "Cinderella Chef"
✅ MATCH: "The World Between Us" matches "The World Between Us"
✅ MATCH: "Bridgerton" matches "Bridgerton"
✅ MATCH: "BOCCHI THE ROCK!" matches "BOCCHI THE ROCK!"
✅ MATCH: "My Husband Won't Fit" matches "My Husband Won't Fit"
✅ MATCH: "Defending Jacob" matches "Defending Jacob"
✅ MATCH: "Toy Boy" matches "Toy Boy"
✅ MATCH: "You vs. Wild" matches "You vs. Wild"
✅ MATCH: "Warrior Nun" matches "Warrior Nun"
✅ MATCH: "A-TEEN" matches "A-TEEN"
✅ MATCH: "Her Private Life" matches "Her Private Life"
✅ MATCH: "My First First Love" matches "My First First Love"
✅ MATCH: "Delhi Crime" matches "Delhi Crime"
✅ MATCH: "Why Women Kill" matches "Why Women Kill"
✅ MATCH: "He Is Psychometric" matches "He Is Psychometric"
✅ MATCH: "I Hear You" matches "I Hear You"
✅ MATCH: "Doctor Prisoner" matches "Doctor Prisoner"
✅ MATCH: "Kill It" matches "Kill It"
✅ MATCH: "Heavenly Sword and Dragon Slaying Sabre" matches "Heavenly Sword and Dragon Slaying Sabre"
✅ MATCH: "Formula 1: Drive to Survive" matches "Formula 1: Drive to Survive"
✅ MATCH: "Firefly Lane" matches "Firefly Lane"
✅ MATCH: "Undercover" matches "Undercover"
✅ MATCH: "The World's Finest Assassin Gets Reincarnated in Another World as an Aristocrat" matches "The World's Finest Assassin Gets Reincarnated in Another World as an Aristocrat"
✅ MATCH: "Love, Death & Robots" matches "Love, Death & Robots"
✅ MATCH: "Designated Survivor: 60 Days" matches "Designated Survivor: 60 Days"
✅ MATCH: "The Hot Zone" matches "The Hot Zone"
✅ MATCH: "Wu Assassins" matches "Wu Assassins"
✅ MATCH: "Possessed" matches "Possessed"
✅ MATCH: "Well-Intended Love" matches "Well-Intended Love"
✅ MATCH: "Hightown" matches "Hightown"
✅ MATCH: "The Light in Your Eyes" matches "The Light in Your Eyes"
✅ MATCH: "Your Honor" matches "Your Honor"
✅ MATCH: "Locke & Key" matches "Locke & Key"
✅ MATCH: "The Stand" matches "The Stand"
✅ MATCH: "War of the Worlds" matches "War of the Worlds"
✅ MATCH: "Undone" matches "Undone"
✅ MATCH: "Upload" matches "Upload"
✅ MATCH: "Wolf Pack" matches "Wolf Pack"
✅ MATCH: "Lovers of the Red Sky" matches "Lovers of the Red Sky"
✅ MATCH: "Arifureta: From Commonplace to World's Strongest" matches "Arifureta: From Commonplace to World's Strongest"
✅ MATCH: "Dr. STONE" matches "Dr. STONE"
✅ MATCH: "Star Trek: Picard" matches "Star Trek: Picard"
✅ MATCH: "1899" matches "1899"
✅ MATCH: "The Last Czars" matches "The Last Czars"
✅ MATCH: "KENGAN ASHURA" matches "KENGAN ASHURA"
✅ MATCH: "Chucky" matches "Chucky"
✅ MATCH: "Monsters at Work" matches "Monsters at Work"
✅ MATCH: "At Eighteen" matches "At Eighteen"
✅ MATCH: "Tokyo Vice" matches "Tokyo Vice"
✅ MATCH: "Ghost in the Shell: SAC_2045" matches "Ghost in the Shell: SAC_2045"
✅ MATCH: "The Morning Show" matches "The Morning Show"
✅ MATCH: "The Third Day" matches "The Third Day"
✅ MATCH: "Little Fires Everywhere" matches "Little Fires Everywhere"
✅ MATCH: "Dune: Prophecy" matches "Dune: Prophecy"
✅ MATCH: "Desperate Mr. X" matches "Desperate Mr. X"
✅ MATCH: "Carnival Row" matches "Carnival Row"
✅ MATCH: "Strangers from Hell" matches "Strangers from Hell"
✅ MATCH: "Dickinson" matches "Dickinson"
✅ MATCH: "30 Coins" matches "30 Coins"
✅ MATCH: "Chief of Staff" matches "Chief of Staff"
✅ MATCH: "The Pacific War in Color" matches "The Pacific War in Color"
✅ MATCH: "Sword Snow Stride" matches "Sword Snow Stride"
✅ MATCH: "One Spring Night" matches "One Spring Night"
✅ MATCH: "Primal" matches "Primal"
✅ MATCH: "Search: WWW" matches "Search: WWW"
✅ MATCH: "9-1-1: Lone Star" matches "9-1-1: Lone Star"
✅ MATCH: "Batwoman" matches "Batwoman"
✅ MATCH: "Kota Factory" matches "Kota Factory"
✅ MATCH: "Nine Perfect Strangers" matches "Nine Perfect Strangers"
✅ MATCH: "Helstrom" matches "Helstrom"
✅ MATCH: "My Isekai Life: I Gained a Second Character Class and Became the Strongest Sage in the World!" matches "My Isekai Life: I Gained a Second Character Class and Became the Strongest Sage in the World!"
✅ MATCH: "The Secret Life of My Secretary" matches "The Secret Life of My Secretary"
✅ MATCH: "I Think You Should Leave with Tim Robinson" matches "I Think You Should Leave with Tim Robinson"
✅ MATCH: "Looking for Alaska" matches "Looking for Alaska"
✅ MATCH: "Put Your Head on My Shoulder" matches "Put Your Head on My Shoulder"
✅ MATCH: "AlRawabi School for Girls" matches "AlRawabi School for Girls"
✅ MATCH: "Arthdal Chronicles" matches "Arthdal Chronicles"
✅ MATCH: "The Falcon and the Winter Soldier" matches "The Falcon and the Winter Soldier"
✅ MATCH: "Mr. Iglesias" matches "Mr. Iglesias"
✅ MATCH: "Hawkeye" matches "Hawkeye"
✅ MATCH: "Abyss" matches "Abyss"
✅ MATCH: "Virgin River" matches "Virgin River"
✅ MATCH: "Radiation House" matches "Radiation House"
✅ MATCH: "High Seas" matches "High Seas"
✅ MATCH: "How to Sell Drugs Online (Fast)" matches "How to Sell Drugs Online (Fast)"
✅ MATCH: "Shinobi no Ittoki" matches "Shinobi no Ittoki"
✅ MATCH: "Yellowjackets" matches "Yellowjackets"
✅ MATCH: "Breeders" matches "Breeders"
✅ MATCH: "The Flight Attendant" matches "The Flight Attendant"
✅ MATCH: "Uzumaki" matches "Uzumaki"
✅ MATCH: "When the Camellia Blooms" matches "When the Camellia Blooms"
✅ MATCH: "Vagabond" matches "Vagabond"
✅ MATCH: "Criminal: UK" matches "Criminal: UK"
✅ MATCH: "Marianne" matches "Marianne"
✅ MATCH: "Melting Me Softly" matches "Melting Me Softly"
✅ MATCH: "Ahiru no Sora" matches "Ahiru no Sora"
✅ MATCH: "Obi-Wan Kenobi" matches "Obi-Wan Kenobi"
✅ MATCH: "She-Hulk: Attorney at Law" matches "She-Hulk: Attorney at Law"
✅ MATCH: "Ms. Marvel" matches "Ms. Marvel"
✅ MATCH: "Moon Knight" matches "Moon Knight"
✅ MATCH: "Flower Crew: Joseon Marriage Agency" matches "Flower Crew: Joseon Marriage Agency"
✅ MATCH: "BNA" matches "BNA"
✅ MATCH: "What If...?" matches "What If...?"
✅ MATCH: "Imitation" matches "Imitation"
✅ MATCH: "Manchild" matches "Manchild"
✅ MATCH: "Heels" matches "Heels"
✅ MATCH: "Midnight Diner: Tokyo Stories" matches "Midnight Diner: Tokyo Stories"
✅ MATCH: "Daughter of Lupin" matches "Daughter of Lupin"
✅ MATCH: "PLUTO" matches "PLUTO"
✅ MATCH: "Motherland: Fort Salem" matches "Motherland: Fort Salem"
✅ MATCH: "Graceful Family" matches "Graceful Family"
✅ MATCH: "Welcome to Demon School! Iruma-kun" matches "Welcome to Demon School! Iruma-kun"
✅ MATCH: "Sorcerous Stabber Orphen" matches "Sorcerous Stabber Orphen"
✅ MATCH: "The Spy" matches "The Spy"
✅ MATCH: "Modern Love" matches "Modern Love"
✅ MATCH: "Ragnarok" matches "Ragnarok"
✅ MATCH: "Gordon Ramsay: Uncharted" matches "Gordon Ramsay: Uncharted"
✅ MATCH: "CEO-dol Mart" matches "CEO-dol Mart"
✅ MATCH: "The Greatest Demon Lord Is Reborn as a Typical Nobody" matches "The Greatest Demon Lord Is Reborn as a Typical Nobody"
✅ MATCH: "Navillera" matches "Navillera"
✅ MATCH: "The Naked Director" matches "The Naked Director"
✅ MATCH: "BEASTARS" matches "BEASTARS"
✅ MATCH: "SAINT SEIYA: Knights of the Zodiac" matches "SAINT SEIYA: Knights of the Zodiac"
✅ MATCH: "This Is Football" matches "This Is Football"
✅ MATCH: "Industry" matches "Industry"
✅ MATCH: "Avenue 5" matches "Avenue 5"
✅ MATCH: "The Sandman" matches "The Sandman"
✅ MATCH: "The Longest Day in Chang'an" matches "The Longest Day in Chang'an"
✅ MATCH: "The Untamed" matches "The Untamed"
✅ MATCH: "The I-Land" matches "The I-Land"
✅ MATCH: "Rookie Historian Goo Hae-Ryung" matches "Rookie Historian Goo Hae-Ryung"
✅ MATCH: "Mythic Quest" matches "Mythic Quest"
✅ MATCH: "SPRIGGAN" matches "SPRIGGAN"
✅ MATCH: "Trese" matches "Trese"
✅ MATCH: "Trackers" matches "Trackers"
✅ MATCH: "Solos" matches "Solos"
✅ MATCH: "Brotherhood" matches "Brotherhood"
✅ MATCH: "Psychopath Diary" matches "Psychopath Diary"
✅ MATCH: "Giri/Haji" matches "Giri/Haji"
✅ MATCH: "VIP" matches "VIP"
✅ MATCH: "Catch The Ghost" matches "Catch The Ghost"
✅ MATCH: "Arcane" matches "Arcane"
✅ MATCH: "Bangkok Love Stories: Plead" matches "Bangkok Love Stories: Plead"
✅ MATCH: "Assault Lily: BOUQUET" matches "Assault Lily BOUQUET"
✅ MATCH: "The Lies Within" matches "The Lies Within"
✅ MATCH: "The Mess You Leave Behind" matches "The Mess You Leave Behind"
✅ MATCH: "Dorohedoro" matches "Dorohedoro"
✅ MATCH: "Nowhere Man" matches "Nowhere Man"
✅ MATCH: "The Walking Dead: World Beyond" matches "The Walking Dead: World Beyond"
✅ MATCH: "Human Resources" matches "Human Resources"
✅ MATCH: "Swagger" matches "Swagger"
✅ MATCH: "My Dress-Up Darling" matches "My Dress-Up Darling"
✅ MATCH: "The Legend of El Cid" matches "The Legend of El Cid"
✅ MATCH: "RIPLEY" matches "RIPLEY"
✅ MATCH: "SAS Rogue Heroes" matches "SAS Rogue Heroes"
✅ MATCH: "Great Pretender" matches "Great Pretender"
✅ MATCH: "The Great" matches "The Great"
✅ MATCH: "Into the Night" matches "Into the Night"
✅ MATCH: "Tribes of Europa" matches "Tribes of Europa"
✅ MATCH: "Barbarians" matches "Barbarians"
✅ MATCH: "Tales from the Loop" matches "Tales from the Loop"
✅ MATCH: "Dr. Death" matches "Dr. Death"
✅ MATCH: "Jurassic World Camp Cretaceous" matches "Jurassic World Camp Cretaceous"
✅ MATCH: "Foundation" matches "Foundation"
✅ MATCH: "Age of Samurai: Battle for Japan" matches "Age of Samurai: Battle for Japan"
✅ MATCH: "The Mosquito Coast" matches "The Mosquito Coast"
✅ MATCH: "Extraordinary You" matches "Extraordinary You"
✅ MATCH: "In/Spectre" matches "In/Spectre"
✅ MATCH: "Sherlock" matches "Sherlock"
✅ MATCH: "A Couple of Cuckoos" matches "A Couple of Cuckoos"
✅ MATCH: "The Tale of Nokdu" matches "The Tale of Nokdu"
✅ MATCH: "Jupiter's Legacy" matches "Jupiter's Legacy"
✅ MATCH: "The Serpent" matches "The Serpent"
✅ MATCH: "Squid Game" matches "Squid Game"
✅ MATCH: "Raising Dion" matches "Raising Dion"
✅ MATCH: "The Family Man" matches "The Family Man"
✅ MATCH: "Expats" matches "Expats"
✅ MATCH: "Daisy Jones & the Six" matches "Daisy Jones & the Six"
✅ MATCH: "Falling Into Your Smile" matches "Falling Into Your Smile"
✅ MATCH: "Slow Horses" matches "Slow Horses"
✅ MATCH: "JUJUTSU KAISEN" matches "JUJUTSU KAISEN"
✅ MATCH: "The Peripheral" matches "The Peripheral"
✅ MATCH: "Severance" matches "Severance"
✅ MATCH: "Shantaram" matches "Shantaram"
✅ MATCH: "The Rational Life" matches "The Rational Life"
✅ MATCH: "Rainkissed Fate" matches "Rainkissed Fate"
✅ MATCH: "Toilet-Bound Hanako-kun" matches "Toilet-Bound Hanako-kun"
✅ MATCH: "Dare Me" matches "Dare Me"
✅ MATCH: "Gossip Girl" matches "Gossip Girl"
✅ MATCH: "Diary of a Prosecutor" matches "Diary of a Prosecutor"
✅ MATCH: "Reservation Dogs" matches "Reservation Dogs"
✅ MATCH: "Prehistoric Planet" matches "Prehistoric Planet"
✅ MATCH: "A Little Thing Called First Love" matches "A Little Thing Called First Love"
✅ MATCH: "Black Dog" matches "Black Dog"
✅ MATCH: "Superman & Lois" matches "Superman & Lois"
✅ MATCH: "The Oath of Love" matches "The Oath of Love"
✅ MATCH: "The Stranded" matches "The Stranded"
✅ MATCH: "House of the Dragon" matches "House of the Dragon"
✅ MATCH: "Hazbin Hotel" matches "Hazbin Hotel"
✅ MATCH: "Kyojo" matches "Kyojo"
✅ MATCH: "Summer Guys" matches "Summer Guys"
✅ MATCH: "Midnight Mass" matches "Midnight Mass"
✅ MATCH: "Twilight of the Gods" matches "Twilight of the Gods"
✅ MATCH: "Nobody Knows" matches "Nobody Knows"
✅ MATCH: "Hi Bye, Mama!" matches "Hi Bye, Mama!"
✅ MATCH: "Love, Victor" matches "Love, Victor"
✅ MATCH: "Fate: The Winx Saga" matches "Fate: The Winx Saga"
✅ MATCH: "The Disastrous Life of Saiki K.: Reawakened" matches "The Disastrous Life of Saiki K.: Reawakened"
✅ MATCH: "Yanxi Palace: Princess Adventures" matches "Yanxi Palace: Princess Adventures"
✅ MATCH: "When the Weather Is Fine" matches "When the Weather Is Fine"
✅ MATCH: "The Silent Sea" matches "The Silent Sea"
✅ MATCH: "High Fidelity" matches "High Fidelity"
✅ MATCH: "James May: Our Man in…" matches "James May: Our Man in…"
✅ MATCH: "Big Shot" matches "Big Shot"
✅ MATCH: "Lupin" matches "Lupin"
✅ MATCH: "He-Man and the Masters of the Universe" matches "He-Man and the Masters of the Universe"
✅ MATCH: "takt op.Destiny" matches "takt op.Destiny"
✅ MATCH: "Sweet Home" matches "Sweet Home"
✅ MATCH: "The Stranger" matches "The Stranger"
✅ MATCH: "Move to Heaven" matches "Move to Heaven"
✅ MATCH: "Rise of Empires: Ottoman" matches "Rise of Empires: Ottoman"
✅ MATCH: "It's Okay to Not Be Okay" matches "It's Okay to Not Be Okay"
✅ MATCH: "BOFURI: I Don't Want to Get Hurt, so I'll Max Out My Defense." matches "BOFURI: I Don't Want to Get Hurt, so I'll Max Out My Defense."
✅ MATCH: "The Gift" matches "The Gift"
✅ MATCH: "Luna Nera" matches "Luna Nera"
✅ MATCH: "Rent-a-Girlfriend" matches "Rent-a-Girlfriend"
✅ MATCH: "Chimera" matches "Chimera"
✅ MATCH: "White House Plumbers" matches "White House Plumbers"
✅ MATCH: "The World of the Married" matches "The World of the Married"
✅ MATCH: "Itaewon Class" matches "Itaewon Class"
✅ MATCH: "My Holo Love" matches "My Holo Love"
✅ MATCH: "Next in Fashion" matches "Next in Fashion"
✅ MATCH: "Hospital Playlist" matches "Hospital Playlist"
✅ MATCH: "Triad Princess" matches "Triad Princess"
✅ MATCH: "A Date With the Future" matches "A Date With the Future"
✅ MATCH: "The Prince of Tennis ~ Match! Tennis Juniors ~" matches "The Prince of Tennis ~ Match! Tennis Juniors ~"
✅ MATCH: "Joy of Life" matches "Joy of Life"
✅ MATCH: "Lisey's Story" matches "Lisey's Story"
✅ MATCH: "La Grande Maison Tokyo" matches "La Grande Maison Tokyo"
✅ MATCH: "Inventing Anna" matches "Inventing Anna"
✅ MATCH: "Super Cub" matches "Super Cub"
✅ MATCH: "Home for Christmas" matches "Home for Christmas"
✅ MATCH: "Fast & Furious Spy Racers" matches "Fast & Furious Spy Racers"
✅ MATCH: "The Power" matches "The Power"
✅ MATCH: "Invincible" matches "INVINCIBLE"
✅ MATCH: "Mystic Pop-up Bar" matches "Mystic Pop-up Bar"
✅ MATCH: "The Penthouse" matches "The Penthouse"
✅ MATCH: "Ikebukuro West Gate Park" matches "Ikebukuro West Gate Park"
✅ MATCH: "A Time Called You" matches "A Time Called You"
✅ MATCH: "Mobile Suit Gundam: The Witch from Mercury" matches "Mobile Suit Gundam: The Witch from Mercury"
✅ MATCH: "Memorist" matches "Memorist"
✅ MATCH: "Find Me in Your Memory" matches "Find Me in Your Memory"
✅ MATCH: "Love Is Blind" matches "Love Is Blind"
✅ MATCH: "The English" matches "The English"
✅ MATCH: "Guardians of the Ancient Oath" matches "Guardians of the Ancient Oath"
✅ MATCH: "The Thaw" matches "The Thaw"
✅ MATCH: "A Piece of Your Mind" matches "A Piece of Your Mind"
✅ MATCH: "Bottom-Tier Character Tomozaki" matches "Bottom-Tier Character Tomozaki"
✅ MATCH: "I've Been Killing Slimes for 300 Years and Maxed Out My Level" matches "I've Been Killing Slimes for 300 Years and Maxed Out My Level"
✅ MATCH: "Redo of Healer" matches "Redo of Healer"
✅ MATCH: "Start-Up" matches "Start-Up"
✅ MATCH: "PIECES OF HER" matches "PIECES OF HER"
✅ MATCH: "Uzaki-chan Wants to Hang Out!" matches "Uzaki-chan Wants to Hang Out!"
✅ MATCH: "Schmigadoon!" matches "Schmigadoon!"
✅ MATCH: "Engage Kiss" matches "Engage Kiss"
✅ MATCH: "Omniscient" matches "Omniscient"
✅ MATCH: "The Ghost Bride" matches "The Ghost Bride"
✅ MATCH: "Gentefied" matches "Gentefied"
✅ MATCH: "Cruel Summer" matches "Cruel Summer"
✅ MATCH: "Central Park" matches "Central Park"
✅ MATCH: "The Irregulars" matches "The Irregulars"
✅ MATCH: "Amazing Stories" matches "Amazing Stories"
✅ MATCH: "Trying" matches "Trying"
✅ MATCH: "Home Before Dark" matches "Home Before Dark"
✅ MATCH: "Handsome Siblings" matches "Handsome Siblings"
✅ MATCH: "Narco-Saints" matches "Narco-Saints"
✅ MATCH: "XX" matches "XX"
✅ MATCH: "Mayor of Kingstown" matches "Mayor of Kingstown"
✅ MATCH: "An Incurable Case of Love" matches "An Incurable Case of Love"
✅ MATCH: "Night on Earth" matches "Night on Earth"
✅ MATCH: "Rugal" matches "Rugal"
✅ MATCH: "The 7 Lives of Lea" matches "The 7 Lives of Lea"
✅ MATCH: "Summer Strike" matches "Summer Strike"
✅ MATCH: "Strong Girl Nam-soon" matches "Strong Girl Nam-soon"
✅ MATCH: "Inside Job" matches "Inside Job"
✅ MATCH: "Off the Record" matches "Off the Record"
✅ MATCH: "Solar Opposites" matches "Solar Opposites"
✅ MATCH: "The Misfit of Demon King Academy" matches "The Misfit of Demon King Academy"
✅ MATCH: "Until Dawn" matches "Until Dawn"
✅ MATCH: "Ted Lasso" matches "Ted Lasso"
✅ MATCH: "To Your Eternity" matches "To Your Eternity"
✅ MATCH: "The Cursed" matches "The Cursed"
✅ MATCH: "By the Grace of the Gods" matches "By the Grace of the Gods"
✅ MATCH: "Too Hot to Handle" matches "Too Hot to Handle"
✅ MATCH: "Disney Gallery / Star Wars: The Mandalorian" matches "Disney Gallery / Star Wars: The Mandalorian"
✅ MATCH: "Valeria" matches "Valeria"
✅ MATCH: "Shine On! Bakumatsu Bad Boys!" matches "Shine On! Bakumatsu Bad Boys!"
✅ MATCH: "Get Millie Black" matches "Get Millie Black"
✅ MATCH: "Do You Like Brahms?" matches "Do You Like Brahms?"
✅ MATCH: "Absurd Planet" matches "Absurd Planet"
✅ MATCH: "The Victims' Game" matches "The Victims' Game"
✅ MATCH: "Higurashi: When They Cry - NEW" matches "Higurashi: When They Cry - NEW"
✅ MATCH: "My Unfamiliar Family" matches "My Unfamiliar Family"
✅ MATCH: "Idoly Pride" matches "Idoly Pride"
✅ MATCH: "Love 101" matches "Love 101"
✅ MATCH: "Never Have I Ever" matches "Never Have I Ever"
✅ MATCH: "J-Style Trip" matches "J-Style Trip"
✅ MATCH: "Soulmates" matches "Soulmates"
✅ MATCH: "Outer Banks" matches "Outer Banks"
✅ MATCH: "She" matches "She"
✅ MATCH: "Tiger King" matches "Tiger King"
✅ MATCH: "Transformers: War for Cybertron: Siege" matches "Transformers: War for Cybertron: Siege"
✅ MATCH: "When My Love Blooms" matches "When My Love Blooms"
✅ MATCH: "Transatlantic" matches "Transatlantic"
✅ MATCH: "Until The Cherry Blossom Falls" matches "Until The Cherry Blossom Falls"
✅ MATCH: "Akudama Drive" matches "Akudama Drive"
✅ MATCH: "Suspicion" matches "Suspicion"
✅ MATCH: "The Baby-Sitters Club" matches "The Baby-Sitters Club"
✅ MATCH: "Girls5eva" matches "Girls5eva"
✅ MATCH: "Mulligan" matches "Mulligan"
✅ MATCH: "Sexify" matches "Sexify"
✅ MATCH: "The Last of Us" matches "The Last of Us"
✅ MATCH: "Otherside Picnic" matches "Otherside Picnic"
✅ MATCH: "Biohackers" matches "Biohackers"
✅ MATCH: "The English Game" matches "The English Game"
✅ MATCH: "TONIKAWA: Over the Moon for You" matches "TONIKAWA: Over the Moon for You"
✅ MATCH: "The Wolf" matches "The Wolf"
✅ MATCH: "The Underclass" matches "The Underclass"
✅ MATCH: "Pantheon" matches "Pantheon"
✅ MATCH: "All of Us Are Dead" matches "All of Us Are Dead"
✅ MATCH: "Alex Rider" matches "Alex Rider"
✅ MATCH: "Vampire in the Garden" matches "Vampire in the Garden"
✅ MATCH: "Dragon's Dogma" matches "Dragon's Dogma"
✅ MATCH: "Conversations with Friends" matches "Conversations with Friends"
✅ MATCH: "The Winter King" matches "The Winter King"
✅ MATCH: "The Chair" matches "The Chair"
✅ MATCH: "Unorthodox" matches "Unorthodox"
✅ MATCH: "Search" matches "Search"
✅ MATCH: "Legend of Exorcism" matches "Legend of Exorcism"
✅ MATCH: "DON'T TOY WITH ME, MISS NAGATORO" matches "DON'T TOY WITH ME, MISS NAGATORO"
✅ MATCH: "The Girls on the Bus" matches "The Girls on the Bus"
✅ MATCH: "The Dungeon of Black Company" matches "The Dungeon of Black Company"
✅ MATCH: "Down to Earth with Zac Efron" matches "Down to Earth with Zac Efron"
✅ MATCH: "Cyberpunk: Edgerunners" matches "Cyberpunk: Edgerunners"
✅ MATCH: "Dark Desire" matches "Dark Desire"

Done. Cleaned 1 corrupted series.
